빌드 시작: 2016-03-09 오후 1:38:42
     1>2 노드의 "D:\ko\stack\stack\stack.vcxproj" 프로젝트(build 대상)입니다.
     1>InitializeBuildStatus:
         "AlwaysCreate"이(가) 지정되었기 때문에 "Debug\stack.unsuccessfulbuild"을(를) 만들고 있습니다.
       ClCompile:
         C:\Program Files\Microsoft Visual Studio 10.0\VC\bin\CL.exe /c /ZI /nologo /W3 /WX- /Od /Oy- /D WIN32 /D _DEBUG /D _CONSOLE /D _UNICODE /D UNICODE /Gm /EHsc /RTC1 /MDd /GS /fp:precise /Zc:wchar_t /Zc:forScope /Fo"Debug\\" /Fd"Debug\vc100.pdb" /Gd /TC /analyze- /errorReport:prompt 2.c
         2.c
     1>d:\ko\stack\stack\2.c(40): warning C4996: 'scanf': This function or variable may be unsafe. Consider using scanf_s instead. To disable deprecation, use _CRT_SECURE_NO_WARNINGS. See online help for details.
                 c:\program files\microsoft visual studio 10.0\vc\include\stdio.h(304) : 'scanf' 선언을 참조하십시오.
     1>d:\ko\stack\stack\2.c(43): warning C4018: '<' : signed 또는 unsigned가 일치하지 않습니다.
     1>d:\ko\stack\stack\2.c(36): warning C4101: 'data' :참조되지 않은 지역 변수입니다.
       Link:
         C:\Program Files\Microsoft Visual Studio 10.0\VC\bin\link.exe /ERRORREPORT:PROMPT /OUT:"D:\ko\stack\Debug\stack.exe" /INCREMENTAL /NOLOGO kernel32.lib user32.lib gdi32.lib winspool.lib comdlg32.lib advapi32.lib shell32.lib ole32.lib oleaut32.lib uuid.lib odbc32.lib odbccp32.lib /MANIFEST /ManifestFile:"Debug\stack.exe.intermediate.manifest" /MANIFESTUAC:"level='asInvoker' uiAccess='false'" /DEBUG /PDB:"D:\ko\stack\Debug\stack.pdb" /SUBSYSTEM:CONSOLE /TLBID:1 /DYNAMICBASE /NXCOMPAT /IMPLIB:"D:\ko\stack\Debug\stack.lib" /MACHINE:X86 Debug\2.obj
         stack.vcxproj -> D:\ko\stack\Debug\stack.exe
       Manifest:
         C:\Program Files\Microsoft SDKs\Windows\v7.0A\bin\mt.exe /nologo /verbose /out:"D:\ko\stack\Debug\stack.exe.manifest" /manifest Debug\stack.exe.intermediate.manifest
       FinalizeBuildStatus:
         "Debug\stack.unsuccessfulbuild" 파일을 삭제하고 있습니다.
         "Debug\stack.lastbuildstate"에 연결(touching)하고 있습니다.
     1>"D:\ko\stack\stack\stack.vcxproj" 프로젝트를 빌드했습니다(build 대상).

빌드했습니다.

경과 시간: 00:00:00.60
